#
# There is insufficient memory for the Java Runtime Environment to continue.
# Native memory allocation (malloc) failed to allocate 131088 bytes for Chunk::new
# Possible reasons:
#   The system is out of physical RAM or swap space
#   The process is running with CompressedOops enabled, and the Java Heap may be blocking the growth of the native heap
# Possible solutions:
#   Reduce memory load on the system
#   Increase physical memory or swap space
#   Check if swap backing store is full
#   Decrease Java heap size (-Xmx/-Xms)
#   Decrease number of Java threads
#   Decrease Java thread stack sizes (-Xss)
#   Set larger code cache with -XX:ReservedCodeCacheSize=
#   JVM is running with Unscaled Compressed Oops mode in which the Java heap is
#     placed in the first 4GB address space. The Java Heap base address is the
#     maximum limit for the native heap growth. Please use -XX:HeapBaseMinAddress
#     to set the Java Heap base and to place the Java Heap above 4GB virtual address.
# This output file may be truncated or incomplete.
#
#  Out of Memory Error (allocation.cpp:389), pid=196, tid=0x0000000000000488
#
# JRE version: OpenJDK Runtime Environment (8.0_242-b01) (build 1.8.0_242-release-1644-b01)
# Java VM: OpenJDK 64-Bit Server VM (25.242-b01 mixed mode windows-amd64 compressed oops)
# Failed to write core dump. Minidumps are not enabled by default on client versions of Windows
#

---------------  T H R E A D  ---------------

Current thread (0x00000000170a6000):  JavaThread "C2 CompilerThread0" daemon [_thread_in_native, id=1160, stack(0x00000000180f0000,0x00000000181f0000)]

Stack: [0x00000000180f0000,0x00000000181f0000]
[error occurred during error reporting (printing stack bounds), id 0xc0000005]

Native frames: (J=compiled Java code, j=interpreted, Vv=VM code, C=native code)


Current CompileTask:
C2:   6891 1839       4       java.net.URLClassLoader$1::run (5 bytes)


---------------  P R O C E S S  ---------------

Java Threads: ( => current thread )
  0x00000000170fc800 JavaThread "Service Thread" daemon [_thread_blocked, id=11700, stack(0x00000000182f0000,0x00000000183f0000)]
  0x00000000170f9000 JavaThread "C1 CompilerThread1" daemon [_thread_blocked, id=1804, stack(0x00000000181f0000,0x00000000182f0000)]
=>0x00000000170a6000 JavaThread "C2 CompilerThread0" daemon [_thread_in_native, id=1160, stack(0x00000000180f0000,0x00000000181f0000)]
  0x00000000170a5000 JavaThread "Attach Listener" daemon [_thread_blocked, id=3708, stack(0x0000000017ff0000,0x00000000180f0000)]
  0x00000000170a3000 JavaThread "Signal Dispatcher" daemon [_thread_blocked, id=5788, stack(0x0000000017ef0000,0x0000000017ff0000)]
  0x0000000003104800 JavaThread "Finalizer" daemon [_thread_blocked, id=2648, stack(0x0000000017cd0000,0x0000000017dd0000)]
  0x0000000017087000 JavaThread "Reference Handler" daemon [_thread_blocked, id=7464, stack(0x0000000017bd0000,0x0000000017cd0000)]
  0x0000000003014000 JavaThread "main" [_thread_in_vm, id=4236, stack(0x0000000002f10000,0x0000000003010000)]

Other Threads:
  0x0000000017064800 VMThread [stack: 0x0000000017ad0000,0x0000000017bd0000] [id=9368]
  0x0000000017101000 WatcherThread [stack: 0x00000000183f0000,0x00000000184f0000] [id=3996]

VM state:not at safepoint (normal execution)

VM Mutex/Monitor currently owned by a thread: None

heap address: 0x0000000091c00000, size: 1764 MB, Compressed Oops mode: 32-bit
Narrow klass base: 0x0000000000000000, Narrow klass shift: 3
Compressed class space size: 1073741824 Address: 0x0000000100000000

Heap:
 PSYoungGen      total 33280K, used 5734K [0x00000000db400000, 0x00000000de480000, 0x0000000100000000)
  eden space 28672K, 3% used [0x00000000db400000,0x00000000db51d1e8,0x00000000dd000000)
  from space 4608K, 99% used [0x00000000dd480000,0x00000000dd8fca10,0x00000000dd900000)
  to   space 4608K, 0% used [0x00000000dd000000,0x00000000dd000000,0x00000000dd480000)
 ParOldGen       total 63488K, used 12609K [0x0000000091c00000, 0x0000000095a00000, 0x00000000db400000)
  object space 63488K, 19% used [0x0000000091c00000,0x0000000092850580,0x0000000095a00000)
 Metaspace       used 24412K, capacity 24944K, committed 25136K, reserved 1071104K
  class space    used 2915K, capacity 3092K, committed 3120K, reserved 1048576K

Card table byte_map: [0x00000000124d0000,0x0000000012850000] byte_map_base: 0x0000000012042000

Marking Bits: (ParMarkBitMap*) 0x000000005dacf030
 Begin Bits: [0x0000000012ca0000, 0x0000000014830000)
 End Bits:   [0x0000000014830000, 0x00000000163c0000)

Polling page: 0x00000000011e0000

CodeCache: size=245760Kb used=5897Kb max_used=5910Kb free=239862Kb
 bounds [0x0000000003110000, 0x00000000036e0000, 0x0000000012110000]
 total_blobs=2248 nmethods=1833 adapters=329
 compilation: enabled

Compilation events (10 events):
Event: 6.595 Thread 0x00000000170f9000 nmethod 1835 0x00000000036cd010 code [0x00000000036cd180, 0x00000000036cd348]
Event: 6.595 Thread 0x00000000170f9000 1834       3       org.jetbrains.kotlin.name.FqNameUnsafe::asString (13 bytes)
Event: 6.595 Thread 0x00000000170f9000 nmethod 1834 0x00000000036ccc50 code [0x00000000036ccdc0, 0x00000000036ccf88]
Event: 6.685 Thread 0x00000000170f9000 1836       3       java.util.Collections$EmptyList::toArray (5 bytes)
Event: 6.685 Thread 0x00000000170f9000 nmethod 1836 0x00000000036d4410 code [0x00000000036d4560, 0x00000000036d4730]
Event: 6.691 Thread 0x00000000170a6000 1837       4       java.util.jar.JarFile::getEntry (22 bytes)
Event: 6.694 Thread 0x00000000170a6000 nmethod 1837 0x00000000036d2b50 code [0x00000000036d2ca0, 0x00000000036d2e48]
Event: 6.718 Thread 0x00000000170a6000 1838   !   4       sun.misc.URLClassPath$JarLoader::getResource (85 bytes)
Event: 6.743 Thread 0x00000000170a6000 nmethod 1838 0x00000000036d60d0 code [0x00000000036d62e0, 0x00000000036d6c30]
Event: 6.788 Thread 0x00000000170a6000 1839       4       java.net.URLClassLoader$1::run (5 bytes)

GC Heap History (10 events):
Event: 1.799 GC heap before
{Heap before GC invocations=1 (full 0):
 PSYoungGen      total 33280K, used 28672K [0x00000000db400000, 0x00000000dd900000, 0x0000000100000000)
  eden space 28672K, 100% used [0x00000000db400000,0x00000000dd000000,0x00000000dd000000)
  from space 4608K, 0% used [0x00000000dd480000,0x00000000dd480000,0x00000000dd900000)
  to   space 4608K, 0% used [0x00000000dd000000,0x00000000dd000000,0x00000000dd480000)
 ParOldGen       total 76800K, used 0K [0x0000000091c00000, 0x0000000096700000, 0x00000000db400000)
  object space 76800K, 0% used [0x0000000091c00000,0x0000000091c00000,0x0000000096700000)
 Metaspace       used 9397K, capacity 9552K, committed 9856K, reserved 1058816K
  class space    used 1013K, capacity 1084K, committed 1152K, reserved 1048576K
Event: 1.816 GC heap after
Heap after GC invocations=1 (full 0):
 PSYoungGen      total 33280K, used 4578K [0x00000000db400000, 0x00000000dd900000, 0x0000000100000000)
  eden space 28672K, 0% used [0x00000000db400000,0x00000000db400000,0x00000000dd000000)
  from space 4608K, 99% used [0x00000000dd000000,0x00000000dd478810,0x00000000dd480000)
  to   space 4608K, 0% used [0x00000000dd480000,0x00000000dd480000,0x00000000dd900000)
 ParOldGen       total 76800K, used 2005K [0x0000000091c00000, 0x0000000096700000, 0x00000000db400000)
  object space 76800K, 2% used [0x0000000091c00000,0x0000000091df5470,0x0000000096700000)
 Metaspace       used 9397K, capacity 9552K, committed 9856K, reserved 1058816K
  class space    used 1013K, capacity 1084K, committed 1152K, reserved 1048576K
}
Event: 3.732 GC heap before
{Heap before GC invocations=2 (full 0):
 PSYoungGen      total 33280K, used 33250K [0x00000000db400000, 0x00000000dd900000, 0x0000000100000000)
  eden space 28672K, 100% used [0x00000000db400000,0x00000000dd000000,0x00000000dd000000)
  from space 4608K, 99% used [0x00000000dd000000,0x00000000dd478810,0x00000000dd480000)
  to   space 4608K, 0% used [0x00000000dd480000,0x00000000dd480000,0x00000000dd900000)
 ParOldGen       total 76800K, used 2005K [0x0000000091c00000, 0x0000000096700000, 0x00000000db400000)
  object space 76800K, 2% used [0x0000000091c00000,0x0000000091df5470,0x0000000096700000)
 Metaspace       used 14127K, capacity 14444K, committed 14592K, reserved 1062912K
  class space    used 1640K, capacity 1732K, committed 1792K, reserved 1048576K
Event: 3.765 GC heap after
Heap after GC invocations=2 (full 0):
 PSYoungGen      total 33280K, used 4608K [0x00000000db400000, 0x00000000dd900000, 0x0000000100000000)
  eden space 28672K, 0% used [0x00000000db400000,0x00000000db400000,0x00000000dd000000)
  from space 4608K, 100% used [0x00000000dd480000,0x00000000dd900000,0x00000000dd900000)
  to   space 4608K, 0% used [0x00000000dd000000,0x00000000dd000000,0x00000000dd480000)
 ParOldGen       total 76800K, used 6015K [0x0000000091c00000, 0x0000000096700000, 0x00000000db400000)
  object space 76800K, 7% used [0x0000000091c00000,0x00000000921dfe68,0x0000000096700000)
 Metaspace       used 14127K, capacity 14444K, committed 14592K, reserved 1062912K
  class space    used 1640K, capacity 1732K, committed 1792K, reserved 1048576K
}
Event: 5.457 GC heap before
{Heap before GC invocations=3 (full 0):
 PSYoungGen      total 33280K, used 31765K [0x00000000db400000, 0x00000000dd900000, 0x0000000100000000)
  eden space 28672K, 94% used [0x00000000db400000,0x00000000dce85588,0x00000000dd000000)
  from space 4608K, 100% used [0x00000000dd480000,0x00000000dd900000,0x00000000dd900000)
  to   space 4608K, 0% used [0x00000000dd000000,0x00000000dd000000,0x00000000dd480000)
 ParOldGen       total 76800K, used 6015K [0x0000000091c00000, 0x0000000096700000, 0x00000000db400000)
  object space 76800K, 7% used [0x0000000091c00000,0x00000000921dfe68,0x0000000096700000)
 Metaspace       used 20833K, capacity 21248K, committed 21296K, reserved 1069056K
  class space    used 2444K, capacity 2592K, committed 2608K, reserved 1048576K
Event: 5.477 GC heap after
Heap after GC invocations=3 (full 0):
 PSYoungGen      total 33280K, used 4596K [0x00000000db400000, 0x00000000dd900000, 0x0000000100000000)
  eden space 28672K, 0% used [0x00000000db400000,0x00000000db400000,0x00000000dd000000)
  from space 4608K, 99% used [0x00000000dd000000,0x00000000dd47d040,0x00000000dd480000)
  to   space 4608K, 0% used [0x00000000dd480000,0x00000000dd480000,0x00000000dd900000)
 ParOldGen       total 76800K, used 12233K [0x0000000091c00000, 0x0000000096700000, 0x00000000db400000)
  object space 76800K, 15% used [0x0000000091c00000,0x00000000927f2518,0x0000000096700000)
 Metaspace       used 20833K, capacity 21248K, committed 21296K, reserved 1069056K
  class space    used 2444K, capacity 2592K, committed 2608K, reserved 1048576K
}
Event: 5.477 GC heap before
{Heap before GC invocations=4 (full 1):
 PSYoungGen      total 33280K, used 4596K [0x00000000db400000, 0x00000000dd900000, 0x0000000100000000)
  eden space 28672K, 0% used [0x00000000db400000,0x00000000db400000,0x00000000dd000000)
  from space 4608K, 99% used [0x00000000dd000000,0x00000000dd47d040,0x00000000dd480000)
  to   space 4608K, 0% used [0x00000000dd480000,0x00000000dd480000,0x00000000dd900000)
 ParOldGen       total 76800K, used 12233K [0x0000000091c00000, 0x0000000096700000, 0x00000000db400000)
  object space 76800K, 15% used [0x0000000091c00000,0x00000000927f2518,0x0000000096700000)
 Metaspace       used 20833K, capacity 21248K, committed 21296K, reserved 1069056K
  class space    used 2444K, capacity 2592K, committed 2608K, reserved 1048576K
Event: 5.577 GC heap after
Heap after GC invocations=4 (full 1):
 PSYoungGen      total 33280K, used 0K [0x00000000db400000, 0x00000000dd900000, 0x0000000100000000)
  eden space 28672K, 0% used [0x00000000db400000,0x00000000db400000,0x00000000dd000000)
  from space 4608K, 0% used [0x00000000dd000000,0x00000000dd000000,0x00000000dd480000)
  to   space 4608K, 0% used [0x00000000dd480000,0x00000000dd480000,0x00000000dd900000)
 ParOldGen       total 63488K, used 10684K [0x0000000091c00000, 0x0000000095a00000, 0x00000000db400000)
  object space 63488K, 16% used [0x0000000091c00000,0x000000009266f060,0x0000000095a00000)
 Metaspace       used 20833K, capacity 21248K, committed 21296K, reserved 1069056K
  class space    used 2444K, capacity 2592K, committed 2608K, reserved 1048576K
}
Event: 6.814 GC heap before
{Heap before GC invocations=5 (full 1):
 PSYoungGen      total 33280K, used 28672K [0x00000000db400000, 0x00000000dd900000, 0x0000000100000000)
  eden space 28672K, 100% used [0x00000000db400000,0x00000000dd000000,0x00000000dd000000)
  from space 4608K, 0% used [0x00000000dd000000,0x00000000dd000000,0x00000000dd480000)
  to   space 4608K, 0% used [0x00000000dd480000,0x00000000dd480000,0x00000000dd900000)
 ParOldGen       total 63488K, used 10684K [0x0000000091c00000, 0x0000000095a00000, 0x00000000db400000)
  object space 63488K, 16% used [0x0000000091c00000,0x000000009266f060,0x0000000095a00000)
 Metaspace       used 24340K, capacity 24848K, committed 25136K, reserved 1071104K
  class space    used 2904K, capacity 3060K, committed 3120K, reserved 1048576K
Event: 6.828 GC heap after
Heap after GC invocations=5 (full 1):
 PSYoungGen      total 33280K, used 4594K [0x00000000db400000, 0x00000000de480000, 0x0000000100000000)
  eden space 28672K, 0% used [0x00000000db400000,0x00000000db400000,0x00000000dd000000)
  from space 4608K, 99% used [0x00000000dd480000,0x00000000dd8fca10,0x00000000dd900000)
  to   space 4608K, 0% used [0x00000000dd000000,0x00000000dd000000,0x00000000dd480000)
 ParOldGen       total 63488K, used 12609K [0x0000000091c00000, 0x0000000095a00000, 0x00000000db400000)
  object space 63488K, 19% used [0x0000000091c00000,0x0000000092850580,0x0000000095a00000)
 Metaspace       used 24340K, capacity 24848K, committed 25136K, reserved 1071104K
  class space    used 2904K, capacity 3060K, committed 3120K, reserved 1048576K
}

Deoptimization events (10 events):
Event: 5.201 Thread 0x0000000003014000 Uncommon trap: reason=class_check action=maybe_recompile pc=0x00000000034c2b80 method=java.util.Collections$UnmodifiableCollection.size()I @ 4
Event: 5.201 Thread 0x0000000003014000 Uncommon trap: reason=class_check action=maybe_recompile pc=0x00000000034c1aac method=java.util.Collections$UnmodifiableList.get(I)Ljava/lang/Object; @ 5
Event: 5.201 Thread 0x0000000003014000 Uncommon trap: reason=class_check action=maybe_recompile pc=0x00000000034c1aac method=java.util.Collections$UnmodifiableList.get(I)Ljava/lang/Object; @ 5
Event: 5.205 Thread 0x0000000003014000 Uncommon trap: reason=class_check action=maybe_recompile pc=0x00000000034c2b80 method=java.util.Collections$UnmodifiableCollection.size()I @ 4
Event: 5.205 Thread 0x0000000003014000 Uncommon trap: reason=class_check action=maybe_recompile pc=0x00000000034c1aac method=java.util.Collections$UnmodifiableList.get(I)Ljava/lang/Object; @ 5
Event: 5.205 Thread 0x0000000003014000 Uncommon trap: reason=class_check action=maybe_recompile pc=0x00000000034c1aac method=java.util.Collections$UnmodifiableList.get(I)Ljava/lang/Object; @ 5
Event: 5.207 Thread 0x0000000003014000 Uncommon trap: reason=unstable_if action=reinterpret pc=0x00000000032cee08 method=java.lang.String.startsWith(Ljava/lang/String;I)Z @ 25
Event: 5.632 Thread 0x0000000003014000 Uncommon trap: reason=unstable_if action=reinterpret pc=0x00000000035a5614 method=sun.misc.MetaIndex.mayContain(Ljava/lang/String;)Z @ 38
Event: 5.633 Thread 0x0000000003014000 Uncommon trap: reason=unstable_if action=reinterpret pc=0x000000000334a894 method=sun.misc.MetaIndex.mayContain(Ljava/lang/String;)Z @ 38
Event: 5.912 Thread 0x0000000003014000 Uncommon trap: reason=unstable_if action=reinterpret pc=0x00000000034c26f0 method=java.lang.String.<init>([CII)V @ 18

Classes redefined (0 events):
No events

Internal exceptions (10 events):
Event: 1.047 Thread 0x0000000003014000 Exception <a 'java/security/PrivilegedActionException'> (0x00000000dc28d388) thrown at [C:\src\AOSP-openjdk-git\hotspot\src\share\vm\prims\jvm.cpp, line 1502]
Event: 1.047 Thread 0x0000000003014000 Exception <a 'java/security/PrivilegedActionException'> (0x00000000dc28ee78) thrown at [C:\src\AOSP-openjdk-git\hotspot\src\share\vm\prims\jvm.cpp, line 1502]
Event: 1.047 Thread 0x0000000003014000 Exception <a 'java/security/PrivilegedActionException'> (0x00000000dc28f270) thrown at [C:\src\AOSP-openjdk-git\hotspot\src\share\vm\prims\jvm.cpp, line 1502]
Event: 1.792 Thread 0x0000000003014000 Exception <a 'java/lang/ArrayIndexOutOfBoundsException'> (0x00000000dcfc1078) thrown at [C:\src\AOSP-openjdk-git\hotspot\src\share\vm\runtime\sharedRuntime.cpp, line 605]
Event: 2.460 Thread 0x0000000003014000 Exception <a 'java/lang/ArrayIndexOutOfBoundsException'> (0x00000000dbd9c0d0) thrown at [C:\src\AOSP-openjdk-git\hotspot\src\share\vm\runtime\sharedRuntime.cpp, line 605]
Event: 4.507 Thread 0x0000000003014000 Exception <a 'java/lang/NoSuchMethodError': java.lang.Object.lambda$comparing$77a9974f$1(Ljava/util/function/Function;Ljava/lang/Object;Ljava/lang/Object;)I> (0x00000000dbe38850) thrown at [C:\src\AOSP-openjdk-git\hotspot\src\share\vm\interpreter\linkReso
Event: 4.576 Thread 0x0000000003014000 Exception <a 'java/lang/NoSuchMethodError': java.lang.Object.lambda$static$0()J> (0x00000000dbf3d2e0) thrown at [C:\src\AOSP-openjdk-git\hotspot\src\share\vm\interpreter\linkResolver.cpp, line 620]
Event: 4.995 Thread 0x0000000003014000 Exception <a 'java/lang/NoSuchMethodError': java.lang.Object.lambda$static$0(I)[Lorg/jetbrains/kotlin/com/intellij/openapi/editor/event/DocumentListener;> (0x00000000dc696e68) thrown at [C:\src\AOSP-openjdk-git\hotspot\src\share\vm\interpreter\linkResolve
Event: 5.163 Thread 0x0000000003014000 Exception <a 'java/lang/NoSuchMethodError': java.lang.Object.lambda$static$0(I)[Lorg/jetbrains/kotlin/com/intellij/psi/PsiAnnotation;> (0x00000000dc8b9fa8) thrown at [C:\src\AOSP-openjdk-git\hotspot\src\share\vm\interpreter\linkResolver.cpp, line 620]
Event: 5.432 Thread 0x0000000003014000 Exception <a 'java/lang/NoSuchMethodError': java.lang.Object.lambda$static$0(I)[Lorg/jetbrains/kotlin/com/intellij/psi/PsiElement;> (0x00000000dce0be78) thrown at [C:\src\AOSP-openjdk-git\hotspot\src\share\vm\interpreter\linkResolver.cpp, line 620]

Events (10 events):
Event: 6.844 loading class org/jetbrains/kotlin/metadata/deserialization/BinaryVersion
Event: 6.844 loading class org/jetbrains/kotlin/metadata/deserialization/BinaryVersion done
Event: 6.845 loading class org/jetbrains/kotlin/metadata/deserialization/BinaryVersion$Companion
Event: 6.845 loading class org/jetbrains/kotlin/metadata/deserialization/BinaryVersion$Companion done
Event: 6.846 loading class org/jetbrains/kotlin/metadata/builtins/BuiltInsBinaryVersion$Companion
Event: 6.846 loading class org/jetbrains/kotlin/metadata/builtins/BuiltInsBinaryVersion$Companion done
Event: 6.847 loading class org/jetbrains/kotlin/metadata/ProtoBuf$PackageFragment
Event: 6.847 loading class org/jetbrains/kotlin/metadata/ProtoBuf$PackageFragment done
Event: 6.848 loading class org/jetbrains/kotlin/metadata/ProtoBuf$PackageFragmentOrBuilder
Event: 6.848 loading class org/jetbrains/kotlin/metadata/ProtoBuf$PackageFragmentOrBuilder done


Dynamic libraries:
0x00007ff6c0e10000 - 0x00007ff6c0e41000 	C:\Program Files\Android\Android Studio\jre\jre\bin\java.exe
0x00007ffef2a60000 - 0x00007ffef2c50000 	C:\Windows\SYSTEM32\ntdll.dll
0x00007ffef2680000 - 0x00007ffef2732000 	C:\Windows\System32\KERNEL32.DLL
0x00007ffef0710000 - 0x00007ffef09b4000 	C:\Windows\System32\KERNELBASE.dll
0x00007ffef2340000 - 0x00007ffef23e3000 	C:\Windows\System32\ADVAPI32.dll
0x00007ffef27f0000 - 0x00007ffef288e000 	C:\Windows\System32\msvcrt.dll
0x00007ffef25e0000 - 0x00007ffef2677000 	C:\Windows\System32\sechost.dll
0x00007ffef1eb0000 - 0x00007ffef1fd0000 	C:\Windows\System32\RPCRT4.dll
0x00007ffef20d0000 - 0x00007ffef2265000 	C:\Windows\System32\USER32.dll
0x00007ffef06e0000 - 0x00007ffef0701000 	C:\Windows\System32\win32u.dll
0x00007ffef29f0000 - 0x00007ffef2a16000 	C:\Windows\System32\GDI32.dll
0x00007ffeefa40000 - 0x00007ffeefbd6000 	C:\Windows\System32\gdi32full.dll
0x00007ffeefc60000 - 0x00007ffeefcfe000 	C:\Windows\System32\msvcp_win.dll
0x00007ffef05e0000 - 0x00007ffef06da000 	C:\Windows\System32\ucrtbase.dll
0x00007ffedc6f0000 - 0x00007ffedc974000 	C:\Windows\WinSxS\amd64_microsoft.windows.common-controls_6595b64144ccf1df_6.0.18362.1016_none_9e7a36bbe461dae4\COMCTL32.dll
0x00007ffef0f80000 - 0x00007ffef12b5000 	C:\Windows\System32\combase.dll
0x00007ffeefbe0000 - 0x00007ffeefc60000 	C:\Windows\System32\bcryptPrimitives.dll
0x00007ffef19b0000 - 0x00007ffef19de000 	C:\Windows\System32\IMM32.DLL
0x000000005d140000 - 0x000000005d212000 	C:\Program Files\Android\Android Studio\jre\jre\bin\msvcr100.dll
0x000000005d300000 - 0x000000005db4b000 	C:\Program Files\Android\Android Studio\jre\jre\bin\server\jvm.dll
0x00007ffef1ac0000 - 0x00007ffef1ac8000 	C:\Windows\System32\PSAPI.DLL
0x00007ffed6ec0000 - 0x00007ffed6ec9000 	C:\Windows\SYSTEM32\WSOCK32.dll
0x00007ffef22d0000 - 0x00007ffef233f000 	C:\Windows\System32\WS2_32.dll
0x00007ffee4c80000 - 0x00007ffee4ca4000 	C:\Windows\SYSTEM32\WINMM.dll
0x00007ffee8970000 - 0x00007ffee897a000 	C:\Windows\SYSTEM32\VERSION.dll
0x00007ffee4c50000 - 0x00007ffee4c7d000 	C:\Windows\SYSTEM32\WINMMBASE.dll
0x00007ffeefd00000 - 0x00007ffeefd4a000 	C:\Windows\System32\cfgmgr32.dll
0x00007ffeeb050000 - 0x00007ffeeb05f000 	C:\Program Files\Android\Android Studio\jre\jre\bin\verify.dll
0x00007ffee70d0000 - 0x00007ffee70f9000 	C:\Program Files\Android\Android Studio\jre\jre\bin\java.dll
0x00007ffee67f0000 - 0x00007ffee6806000 	C:\Program Files\Android\Android Studio\jre\jre\bin\zip.dll
0x00007ffef12c0000 - 0x00007ffef19a7000 	C:\Windows\System32\SHELL32.dll
0x00007ffef2740000 - 0x00007ffef27e9000 	C:\Windows\System32\shcore.dll
0x00007ffeefd80000 - 0x00007ffef0502000 	C:\Windows\System32\windows.storage.dll
0x00007ffeef9b0000 - 0x00007ffeef9d3000 	C:\Windows\System32\profapi.dll
0x00007ffeef940000 - 0x00007ffeef98a000 	C:\Windows\System32\powrprof.dll
0x00007ffeef910000 - 0x00007ffeef920000 	C:\Windows\System32\UMPDC.dll
0x00007ffef2070000 - 0x00007ffef20c2000 	C:\Windows\System32\shlwapi.dll
0x00007ffeef920000 - 0x00007ffeef931000 	C:\Windows\System32\kernel.appcore.dll
0x00007ffef0510000 - 0x00007ffef0527000 	C:\Windows\System32\cryptsp.dll
0x00007ffee6700000 - 0x00007ffee671a000 	C:\Program Files\Android\Android Studio\jre\jre\bin\net.dll
0x00007ffeef110000 - 0x00007ffeef177000 	C:\Windows\system32\mswsock.dll
0x00007ffee66e0000 - 0x00007ffee66f3000 	C:\Program Files\Android\Android Studio\jre\jre\bin\nio.dll

VM Arguments:
java_command: org.jetbrains.kotlin.cli.jvm.K2JVMCompiler -Xallow-no-source-files -classpath C:\Users\Juan Hoyos\AndroidStudioProjects\Juegodelamemoria\app\build\intermediates\compile_and_runtime_not_namespaced_r_class_jar\debug\R.jar;C:\Users\Juan Hoyos\.gradle\caches\transforms-2\files-2.1\3e8dc1072b3dc6d06f94c550fe8429a6\jetified-kotlin-android-extensions-runtime-1.3.72.jar;C:\Users\Juan Hoyos\.gradle\caches\transforms-2\files-2.1\341c5de26caac7a0c5effe778806029e\jetified-core-ktx-1.3.1-api.jar;C:\Users\Juan Hoyos\.gradle\caches\transforms-2\files-2.1\b87f47617c59ac9ee181a007f480e53f\jetified-kotlin-stdlib-1.3.72.jar;C:\Users\Juan Hoyos\.gradle\caches\transforms-2\files-2.1\481f4a34bee68d86b8ce8774eb15d925\jetified-kotlin-stdlib-common-1.3.72.jar;C:\Users\Juan Hoyos\.gradle\caches\transforms-2\files-2.1\8d2026e1436f86ed1258cdda39e32916\jetified-annotations-13.0.jar;C:\Users\Juan Hoyos\.gradle\caches\transforms-2\files-2.1\3d8ac964eba6dce9809569581de82f9d\appcompat-1.2.0-api.jar;C:\Users\Juan Hoyos\.gradle\caches\transforms-2\files-2.1\c4417d818a733e73a41458470f86b9be\fragment-1.1.0-api.jar;C:\Users\Juan Hoyos\.gradle\caches\transforms-2\files-2.1\c28b01757a07ac6fb4508d3179bd4d90\jetified-appcompat-resources-1.2.0-api.jar;C:\Users\Juan Hoyos\.gradle\caches\transforms-2\files-2.1\4c8ff528696f7b6e27953e8d6eeb01a9\drawerlayout-1.0.0-api.jar;C:\Users\Juan Hoyos\.gradle\caches\transforms-2\files-2.1\a93c93c702050f703c78764de0b113e8\viewpager-1.0.0-api.jar;C:\Users\Juan Hoyos\.gradle\caches\transforms-2\files-2.1\7df8f94dfe2872df3e5d3da266742398\loader-1.0.0-api.jar;C:\Users\Juan Hoyos\.gradle\caches\transforms-2\files-2.1\333aea6011630b1791363616251d4039\jetified-activity-1.0.0-api.jar;C:\Users\Juan Hoyos\.gradle\caches\transforms-2\files-2.1\9bb80f26171acae195bade97293151c9\vectordrawable-animated-1.1.0-api.jar;C:\Users\Juan Hoyos\.gradle\caches\transforms-2\files-2.1\f1ec0feb275f3ee75c8446afd4ec38f1\vectordrawable-1.1.0-api.jar;C:\Users\Juan Hoyos\.gradle\caches\tra
java_class_path (initial): C:\Users\Juan Hoyos\.gradle\caches\modules-2\files-2.1\org.jetbrains.kotlin\kotlin-compiler-embeddable\1.3.72\fb72232c8fa977d5e07d33c43381ddbdc5edab6\kotlin-compiler-embeddable-1.3.72.jar;C:\Users\Juan Hoyos\.gradle\caches\modules-2\files-2.1\org.jetbrains.kotlin\kotlin-reflect\1.3.72\86613e1a669a701b0c660bfd2af4f82a7ae11fca\kotlin-reflect-1.3.72.jar;C:\Users\Juan Hoyos\.gradle\caches\modules-2\files-2.1\org.jetbrains.kotlin\kotlin-stdlib\1.3.72\8032138f12c0180bc4e51fe139d4c52b46db6109\kotlin-stdlib-1.3.72.jar;C:\Users\Juan Hoyos\.gradle\caches\modules-2\files-2.1\org.jetbrains.kotlin\kotlin-script-runtime\1.3.72\657d8d34d91e1964b4439378c09933e840bfe8d5\kotlin-script-runtime-1.3.72.jar;C:\Users\Juan Hoyos\.gradle\caches\modules-2\files-2.1\org.jetbrains.kotlin\kotlin-daemon-embeddable\1.3.72\53bbaa2816dbf6bdb85f629451b1fcc88f2164d2\kotlin-daemon-embeddable-1.3.72.jar;C:\Users\Juan Hoyos\.gradle\caches\modules-2\files-2.1\org.jetbrains.intellij.deps\trove4j\1.0.20181211\216c2e14b070f334479d800987affe4054cd563f\trove4j-1.0.20181211.jar;C:\Users\Juan Hoyos\.gradle\caches\modules-2\files-2.1\org.jetbrains.kotlin\kotlin-stdlib-common\1.3.72\6ca8bee3d88957eaaaef077c41c908c9940492d8\kotlin-stdlib-common-1.3.72.jar;C:\Users\Juan Hoyos\.gradle\caches\modules-2\files-2.1\org.jetbrains\annotations\13.0\919f0dfe192fb4e063e7dacadee7f8bb9a2672a9\annotations-13.0.jar;C:\Program Files\Android\Android Studio\jre\lib\tools.jar
Launcher Type: SUN_STANDARD

Environment Variables:
PATH=C:\Program Files (x86)\Common Files\Oracle\Java\javapath;C:\Windows\system32;C:\Windows;C:\Windows\System32\Wbem;C:\Windows\System32\WindowsPowerShell\v1.0\;C:\Windows\System32\OpenSSH\;C:\Program Files\nodejs\;C:\Program Files\dotnet\;C:\Program Files\Microsoft SQL Server\130\Tools\Binn\;C:\Program Files\Git\cmd;C:\Users\Juan Hoyos\AppData\Local\Programs\Python\Python38-32\Scripts\;C:\Users\Juan Hoyos\AppData\Local\Programs\Python\Python38-32\;C:\Program Files\MySQL\MySQL Shell 8.0\bin\;C:\Users\Juan Hoyos\AppData\Local\Microsoft\WindowsApps;;C:\Users\Juan Hoyos\AppData\Local\Programs\Microsoft VS Code\bin;C:\Users\Juan Hoyos\AppData\Roaming\npm;C:\Users\Juan Hoyos\.dotnet\tools
USERNAME=Juan Hoyos
OS=Windows_NT
PROCESSOR_IDENTIFIER=AMD64 Family 21 Model 112 Stepping 0, AuthenticAMD



---------------  S Y S T E M  ---------------

OS: Windows 10.0 , 64 bit Build 18362 (10.0.18362.959)

CPU:total 2 (initial active 2) (2 cores per cpu, 1 threads per core) family 21 model 112 stepping 0, cmov, cx8, fxsr, mmx, sse, sse2, sse3, ssse3, sse4.1, sse4.2, popcnt, avx, avx2, aes, clmul, mmxext, 3dnowpref, lzcnt, sse4a, tsc, tscinvbit, tscinv, bmi1

Memory: 4k page, physical 7225312k(699996k free), swap 10297312k(5168k free)

vm_info: OpenJDK 64-Bit Server VM (25.242-b01) for windows-amd64 JRE (1.8.0_242-release-1644-b01), built by "builder" with MS VC++ 10.0 (VS2010)

time: Mon Aug 17 14:57:43 2020
timezone: Hora est. Pacífico, Sudamérica
elapsed time: 6 seconds (0d 0h 0m 6s)

